TN:
SF:C:\Users\User1\radha\polymer\polymer3\user-app/src/user-app-app/user-app-app.js
FN:27,(anonymous_0)
FN:109,(anonymous_1)
FN:120,(anonymous_2)
FN:126,(anonymous_3)
FN:145,(anonymous_4)
FNF:5
FNH:1
FNDA:0,(anonymous_0)
FNDA:1,(anonymous_1)
FNDA:0,(anonymous_2)
FNDA:0,(anonymous_3)
FNDA:0,(anonymous_4)
DA:19,1
DA:20,1
DA:28,0
DA:110,1
DA:121,0
DA:131,0
DA:132,0
DA:133,0
DA:134,0
DA:136,0
DA:140,0
DA:141,0
DA:150,0
DA:152,0
DA:153,0
DA:155,0
DA:156,0
DA:159,0
DA:160,0
DA:165,1
LF:20
LH:4
BRDA:131,0,0,0
BRDA:131,0,1,0
BRDA:133,1,0,0
BRDA:133,1,1,0
BRDA:140,2,0,0
BRDA:140,2,1,0
BRDA:150,3,0,0
BRDA:150,3,1,0
BRDA:150,3,2,0
BRF:9
BRH:0
end_of_record
TN:
SF:C:\Users\User1\radha\polymer\polymer3\user-app/src/user-app-app/components/exporting.js
FN:10,(anonymous_0)
FN:10,(anonymous_1)
FN:10,(anonymous_2)
FN:10,k
FN:10,(anonymous_4)
FN:10,(anonymous_5)
FN:11,(anonymous_6)
FN:11,(anonymous_7)
FN:11,(anonymous_8)
FN:11,(anonymous_9)
FN:11,(anonymous_10)
FN:11,(anonymous_11)
FN:12,(anonymous_12)
FN:12,(anonymous_13)
FN:15,(anonymous_14)
FN:15,(anonymous_15)
FN:15,(anonymous_16)
FN:16,(anonymous_17)
FN:16,(anonymous_18)
FN:16,(anonymous_19)
FN:16,(anonymous_20)
FN:16,(anonymous_21)
FN:16,(anonymous_22)
FN:17,(anonymous_23)
FN:18,(anonymous_24)
FN:19,(anonymous_25)
FN:20,(anonymous_26)
FN:20,(anonymous_27)
FN:20,(anonymous_28)
FN:21,(anonymous_29)
FN:21,(anonymous_30)
FN:21,(anonymous_31)
FN:22,(anonymous_32)
FN:23,(anonymous_33)
FN:23,(anonymous_34)
FN:23,(anonymous_35)
FN:23,(anonymous_36)
FN:24,(anonymous_37)
FN:24,(anonymous_38)
FN:25,(anonymous_39)
FN:25,(anonymous_40)
FN:25,(anonymous_41)
FN:25,(anonymous_42)
FN:25,(anonymous_43)
FN:26,(anonymous_44)
FN:27,(anonymous_45)
FN:27,(anonymous_46)
FN:27,(anonymous_47)
FN:27,(anonymous_48)
FN:27,(anonymous_49)
FN:28,(anonymous_50)
FN:28,(anonymous_51)
FN:28,(anonymous_52)
FN:29,(anonymous_53)
FN:30,(anonymous_54)
FN:30,(anonymous_55)
FN:32,(anonymous_56)
FN:32,(anonymous_57)
FN:32,(anonymous_58)
FN:33,(anonymous_59)
FN:34,(anonymous_60)
FN:34,a
FN:34,(anonymous_62)
FN:34,b
FN:34,m
FN:36,(anonymous_65)
FN:37,(anonymous_66)
FN:37,(anonymous_67)
FN:37,(anonymous_68)
FN:38,(anonymous_69)
FN:38,(anonymous_70)
FN:38,(anonymous_71)
FN:38,(anonymous_72)
FN:38,(anonymous_73)
FNF:74
FNH:7
FNDA:1,(anonymous_0)
FNDA:0,(anonymous_1)
FNDA:1,(anonymous_2)
FNDA:4,k
FNDA:1,(anonymous_4)
FNDA:0,(anonymous_5)
FNDA:0,(anonymous_6)
FNDA:0,(anonymous_7)
FNDA:1,(anonymous_8)
FNDA:0,(anonymous_9)
FNDA:0,(anonymous_10)
FNDA:0,(anonymous_11)
FNDA:0,(anonymous_12)
FNDA:1,(anonymous_13)
FNDA:0,(anonymous_14)
FNDA:0,(anonymous_15)
FNDA:0,(anonymous_16)
FNDA:0,(anonymous_17)
FNDA:0,(anonymous_18)
FNDA:0,(anonymous_19)
FNDA:0,(anonymous_20)
FNDA:0,(anonymous_21)
FNDA:0,(anonymous_22)
FNDA:0,(anonymous_23)
FNDA:0,(anonymous_24)
FNDA:0,(anonymous_25)
FNDA:0,(anonymous_26)
FNDA:0,(anonymous_27)
FNDA:0,(anonymous_28)
FNDA:0,(anonymous_29)
FNDA:0,(anonymous_30)
FNDA:0,(anonymous_31)
FNDA:0,(anonymous_32)
FNDA:0,(anonymous_33)
FNDA:0,(anonymous_34)
FNDA:0,(anonymous_35)
FNDA:0,(anonymous_36)
FNDA:0,(anonymous_37)
FNDA:0,(anonymous_38)
FNDA:0,(anonymous_39)
FNDA:0,(anonymous_40)
FNDA:0,(anonymous_41)
FNDA:0,(anonymous_42)
FNDA:0,(anonymous_43)
FNDA:0,(anonymous_44)
FNDA:0,(anonymous_45)
FNDA:0,(anonymous_46)
FNDA:0,(anonymous_47)
FNDA:0,(anonymous_48)
FNDA:0,(anonymous_49)
FNDA:0,(anonymous_50)
FNDA:0,(anonymous_51)
FNDA:0,(anonymous_52)
FNDA:0,(anonymous_53)
FNDA:0,(anonymous_54)
FNDA:0,(anonymous_55)
FNDA:0,(anonymous_56)
FNDA:0,(anonymous_57)
FNDA:0,(anonymous_58)
FNDA:0,(anonymous_59)
FNDA:0,(anonymous_60)
FNDA:0,a
FNDA:0,(anonymous_62)
FNDA:0,b
FNDA:0,m
FNDA:0,(anonymous_65)
FNDA:0,(anonymous_66)
FNDA:0,(anonymous_67)
FNDA:0,(anonymous_68)
FNDA:0,(anonymous_69)
FNDA:0,(anonymous_70)
FNDA:0,(anonymous_71)
FNDA:0,(anonymous_72)
FNDA:1,(anonymous_73)
DA:10,4
DA:11,1
DA:12,1
DA:13,1
DA:14,1
DA:15,0
DA:16,1
DA:17,1
DA:18,0
DA:19,0
DA:20,0
DA:21,0
DA:22,0
DA:23,0
DA:24,0
DA:25,0
DA:26,0
DA:27,0
DA:28,0
DA:29,0
DA:30,0
DA:31,0
DA:32,0
DA:33,1
DA:34,0
DA:35,0
DA:36,1
DA:37,1
DA:38,1
LF:29
LH:11
BRDA:10,0,0,0
BRDA:10,0,1,1
BRDA:10,1,0,1
BRDA:10,1,1,0
BRDA:10,2,0,0
BRDA:10,2,1,1
BRDA:10,3,0,1
BRDA:10,3,1,0
BRDA:10,4,0,1
BRDA:10,4,1,0
BRDA:10,5,0,4
BRDA:10,5,1,4
BRDA:10,6,0,1
BRDA:10,6,1,0
BRDA:11,7,0,0
BRDA:11,7,1,0
BRDA:11,8,0,0
BRDA:11,8,1,0
BRDA:11,9,0,0
BRDA:11,9,1,0
BRDA:11,10,0,0
BRDA:11,10,1,0
BRDA:11,11,0,0
BRDA:11,11,1,0
BRDA:11,12,0,0
BRDA:11,12,1,0
BRDA:12,13,0,0
BRDA:12,13,1,0
BRDA:13,14,0,1
BRDA:13,14,1,1
BRDA:14,15,0,0
BRDA:14,15,1,1
BRDA:16,16,0,1
BRDA:16,16,1,0
BRDA:16,17,0,0
BRDA:16,17,1,0
BRDA:17,18,0,0
BRDA:17,18,1,0
BRDA:17,19,0,0
BRDA:17,19,1,0
BRDA:17,19,2,0
BRDA:17,19,3,0
BRDA:17,19,4,0
BRDA:18,20,0,0
BRDA:18,20,1,0
BRDA:18,21,0,0
BRDA:18,21,1,0
BRDA:19,22,0,0
BRDA:19,22,1,0
BRDA:19,23,0,0
BRDA:19,23,1,0
BRDA:19,24,0,0
BRDA:19,24,1,0
BRDA:19,24,2,0
BRDA:19,24,3,0
BRDA:19,24,4,0
BRDA:19,25,0,0
BRDA:19,25,1,0
BRDA:19,26,0,0
BRDA:19,26,1,0
BRDA:19,26,2,0
BRDA:19,26,3,0
BRDA:19,26,4,0
BRDA:20,27,0,0
BRDA:20,27,1,0
BRDA:20,28,0,0
BRDA:20,28,1,0
BRDA:20,29,0,0
BRDA:20,29,1,0
BRDA:21,30,0,0
BRDA:21,30,1,0
BRDA:21,31,0,0
BRDA:21,31,1,0
BRDA:21,31,2,0
BRDA:21,31,3,0
BRDA:21,31,4,0
BRDA:21,31,5,0
BRDA:22,32,0,0
BRDA:22,32,1,0
BRDA:22,32,2,0
BRDA:22,33,0,0
BRDA:22,33,1,0
BRDA:22,33,2,0
BRDA:22,34,0,0
BRDA:22,34,1,0
BRDA:22,35,0,0
BRDA:22,35,1,0
BRDA:22,36,0,0
BRDA:22,36,1,0
BRDA:22,37,0,0
BRDA:22,37,1,0
BRDA:22,38,0,0
BRDA:22,38,1,0
BRDA:23,39,0,0
BRDA:23,39,1,0
BRDA:23,40,0,0
BRDA:23,40,1,0
BRDA:23,41,0,0
BRDA:23,41,1,0
BRDA:24,42,0,0
BRDA:24,42,1,0
BRDA:24,42,2,0
BRDA:24,43,0,0
BRDA:24,43,1,0
BRDA:24,44,0,0
BRDA:24,44,1,0
BRDA:25,45,0,0
BRDA:25,45,1,0
BRDA:25,46,0,0
BRDA:25,46,1,0
BRDA:25,47,0,0
BRDA:25,47,1,0
BRDA:25,48,0,0
BRDA:25,48,1,0
BRDA:25,49,0,0
BRDA:25,49,1,0
BRDA:25,50,0,0
BRDA:25,50,1,0
BRDA:26,51,0,0
BRDA:26,51,1,0
BRDA:26,52,0,0
BRDA:26,52,1,0
BRDA:26,53,0,0
BRDA:26,53,1,0
BRDA:26,54,0,0
BRDA:26,54,1,0
BRDA:27,55,0,0
BRDA:27,55,1,0
BRDA:27,56,0,0
BRDA:27,56,1,0
BRDA:27,57,0,0
BRDA:27,57,1,0
BRDA:27,58,0,0
BRDA:27,58,1,0
BRDA:27,59,0,0
BRDA:27,59,1,0
BRDA:28,60,0,0
BRDA:28,60,1,0
BRDA:28,61,0,0
BRDA:28,61,1,0
BRDA:28,62,0,0
BRDA:28,62,1,0
BRDA:28,63,0,0
BRDA:28,63,1,0
BRDA:28,64,0,0
BRDA:28,64,1,0
BRDA:29,65,0,0
BRDA:29,65,1,0
BRDA:29,66,0,0
BRDA:29,66,1,0
BRDA:29,67,0,0
BRDA:29,67,1,0
BRDA:29,68,0,0
BRDA:29,68,1,0
BRDA:29,69,0,0
BRDA:29,69,1,0
BRDA:29,70,0,0
BRDA:29,70,1,0
BRDA:29,71,0,0
BRDA:29,71,1,0
BRDA:29,72,0,0
BRDA:29,72,1,0
BRDA:30,73,0,0
BRDA:30,73,1,0
BRDA:30,74,0,0
BRDA:30,74,1,0
BRDA:30,75,0,0
BRDA:30,75,1,0
BRDA:30,76,0,0
BRDA:30,76,1,0
BRDA:30,77,0,0
BRDA:30,77,1,0
BRDA:30,78,0,0
BRDA:30,78,1,0
BRDA:30,79,0,0
BRDA:30,79,1,0
BRDA:30,80,0,0
BRDA:30,80,1,0
BRDA:30,81,0,0
BRDA:30,81,1,0
BRDA:31,82,0,0
BRDA:31,82,1,0
BRDA:31,83,0,0
BRDA:31,83,1,0
BRDA:31,84,0,0
BRDA:31,84,1,0
BRDA:31,85,0,0
BRDA:31,85,1,0
BRDA:31,86,0,0
BRDA:31,86,1,0
BRDA:32,87,0,0
BRDA:32,87,1,0
BRDA:32,88,0,0
BRDA:32,88,1,0
BRDA:32,89,0,0
BRDA:32,89,1,0
BRDA:32,90,0,0
BRDA:32,90,1,0
BRDA:32,91,0,0
BRDA:32,91,1,0
BRDA:32,92,0,0
BRDA:32,92,1,0
BRDA:32,93,0,0
BRDA:32,93,1,0
BRDA:33,94,0,0
BRDA:33,94,1,0
BRDA:34,95,0,0
BRDA:34,95,1,0
BRDA:34,96,0,0
BRDA:34,96,1,0
BRDA:34,97,0,0
BRDA:34,97,1,0
BRDA:34,97,2,0
BRDA:34,98,0,0
BRDA:34,98,1,0
BRDA:34,99,0,0
BRDA:34,99,1,0
BRDA:34,100,0,0
BRDA:34,100,1,0
BRDA:34,100,2,0
BRDA:34,100,3,0
BRDA:34,100,4,0
BRDA:34,101,0,0
BRDA:34,101,1,0
BRDA:34,102,0,0
BRDA:34,102,1,0
BRDA:34,103,0,0
BRDA:34,103,1,0
BRDA:34,104,0,0
BRDA:34,104,1,0
BRDA:35,105,0,0
BRDA:35,105,1,0
BRDA:35,106,0,0
BRDA:35,106,1,0
BRDA:35,107,0,0
BRDA:35,107,1,0
BRDA:35,108,0,0
BRDA:35,108,1,0
BRDA:35,109,0,0
BRDA:35,109,1,0
BRDA:35,110,0,0
BRDA:35,110,1,0
BRDA:35,111,0,0
BRDA:35,111,1,0
BRDA:35,112,0,0
BRDA:35,112,1,0
BRDA:35,113,0,0
BRDA:35,113,1,0
BRDA:37,114,0,0
BRDA:37,114,1,0
BRDA:37,115,0,0
BRDA:37,115,1,0
BRDA:37,116,0,0
BRDA:37,116,1,0
BRDA:37,116,2,0
BRDA:37,117,0,0
BRDA:37,117,1,0
BRDA:38,118,0,0
BRDA:38,118,1,0
BRDA:38,119,0,0
BRDA:38,119,1,0
BRF:261
BRH:12
end_of_record
TN:
SF:C:\Users\User1\radha\polymer\polymer3\user-app/src/user-app-app/components/my-chart.js
FN:6,(anonymous_0)
FNF:1
FNH:0
FNDA:0,(anonymous_0)
DA:7,0
DA:23,1
LF:2
LH:1
BRF:0
BRH:0
end_of_record
TN:
SF:C:\Users\User1\radha\polymer\polymer3\user-app/src/user-app-app/components/user-list.js
FN:18,(anonymous_0)
FN:68,(anonymous_1)
FN:92,(anonymous_2)
FN:96,(anonymous_3)
FN:99,(anonymous_4)
FN:103,(anonymous_5)
FN:106,(anonymous_6)
FN:124,(anonymous_7)
FN:131,(anonymous_8)
FN:141,(anonymous_9)
FN:169,(anonymous_10)
FNF:11
FNH:8
FNDA:2,(anonymous_0)
FNDA:3,(anonymous_1)
FNDA:38,(anonymous_2)
FNDA:38,(anonymous_3)
FNDA:12,(anonymous_4)
FNDA:14,(anonymous_5)
FNDA:4,(anonymous_6)
FNDA:0,(anonymous_7)
FNDA:0,(anonymous_8)
FNDA:0,(anonymous_9)
FNDA:42,(anonymous_10)
DA:19,2
DA:69,3
DA:93,38
DA:94,38
DA:97,38
DA:100,12
DA:101,12
DA:104,14
DA:107,4
DA:109,4
DA:111,4
DA:113,4
DA:114,4
DA:116,0
DA:117,0
DA:118,0
DA:119,0
DA:121,4
DA:125,0
DA:126,0
DA:127,0
DA:128,0
DA:132,0
DA:133,0
DA:134,0
DA:135,0
DA:136,0
DA:137,0
DA:142,0
DA:143,0
DA:144,0
DA:145,0
DA:147,0
DA:148,0
DA:149,0
DA:150,0
DA:151,0
DA:153,0
DA:154,0
DA:155,0
DA:156,0
DA:157,0
DA:158,0
DA:160,0
DA:161,0
DA:162,0
DA:163,0
DA:164,0
DA:165,0
DA:170,42
DA:171,42
DA:172,42
DA:173,42
DA:174,42
DA:178,3
LF:55
LH:20
BRDA:111,0,0,4
BRDA:111,0,1,0
BRDA:111,0,2,0
BRDA:126,1,0,0
BRDA:126,1,1,0
BRDA:143,2,0,0
BRDA:143,2,1,0
BRDA:143,2,2,0
BRDA:143,2,3,0
BRDA:173,3,0,4
BRDA:173,3,1,38
BRF:11
BRH:3
end_of_record
